# JRE version: OpenJDK Runtime Environment (17.0.7) (build 17.0.7+0-b2043.56-10550314)
# Java VM: OpenJDK 64-Bit Server VM (17.0.7+0-b2043.56-10550314, mixed mode, tiered, compressed oops, compressed class ptrs, g1 gc, windows-amd64)
GC Precious Log:
 CPUs: 8 total, 8 available
 Memory: 7103M
 Large Page Support: Disabled
 NUMA Support: Disabled
 Compressed Oops: Enabled (32-bit)
 Heap Region Size: 1M
 Heap Min Capacity: 8M
 Heap Initial Capacity: 8M
 Heap Max Capacity: 1776M
 Pre-touch: Disabled
 Parallel Workers: 8
 Concurrent Workers: 2
 Concurrent Refinement Workers: 8
 Periodic GC: Disabled
Heap:
 garbage-first heap   total 19456K, used 10806K [0x0000000091000000, 0x0000000100000000)
  region size 1024K, 8 young (8192K), 1 survivors (1024K)
 Metaspace       used 10202K, committed 10560K, reserved 1114112K
  class space    used 1018K, committed 1152K, reserved 1048576K
GC Heap History (20 events):
Event: 0.267 GC heap before
{Heap before GC invocations=0 (full 0):
 garbage-first heap   total 8192K, used 2048K [0x0000000091000000, 0x0000000100000000)
  region size 1024K, 3 young (3072K), 0 survivors (0K)
 Metaspace       used 7178K, committed 7296K, reserved 1114112K
  class space    used 651K, committed 704K, reserved 1048576K
}
Event: 0.269 GC heap after
{Heap after GC invocations=1 (full 0):
 garbage-first heap   total 8192K, used 912K [0x0000000091000000, 0x0000000100000000)
  region size 1024K, 1 young (1024K), 1 survivors (1024K)
 Metaspace       used 7178K, committed 7296K, reserved 1114112K
  class space    used 651K, committed 704K, reserved 1048576K
}
Event: 0.315 GC heap before
{Heap before GC invocations=1 (full 0):
 garbage-first heap   total 8192K, used 1936K [0x0000000091000000, 0x0000000100000000)
  region size 1024K, 2 young (2048K), 1 survivors (1024K)
 Metaspace       used 7646K, committed 7872K, reserved 1114112K
  class space    used 712K, committed 832K, reserved 1048576K
}
Event: 0.317 GC heap after
{Heap after GC invocations=2 (full 0):
 garbage-first heap   total 8192K, used 1146K [0x0000000091000000, 0x0000000100000000)
  region size 1024K, 1 young (1024K), 1 survivors (1024K)
 Metaspace       used 7646K, committed 7872K, reserved 1114112K
  class space    used 712K, committed 832K, reserved 1048576K
}
Event: 0.371 GC heap before
{Heap before GC invocations=2 (full 0):
 garbage-first heap   total 8192K, used 2170K [0x0000000091000000, 0x0000000100000000)
  region size 1024K, 2 young (2048K), 1 survivors (1024K)
 Metaspace       used 8406K, committed 8576K, reserved 1114112K
  class space    used 794K, committed 896K, reserved 1048576K
}
Event: 0.372 GC heap after
{Heap after GC invocations=3 (full 0):
 garbage-first heap   total 8192K, used 1094K [0x0000000091000000, 0x0000000100000000)
  region size 1024K, 1 young (1024K), 1 survivors (1024K)
 Metaspace       used 8406K, committed 8576K, reserved 1114112K
  class space    used 794K, committed 896K, reserved 1048576K
}
Event: 0.428 GC heap before
{Heap before GC invocations=3 (full 0):
 garbage-first heap   total 8192K, used 3142K [0x0000000091000000, 0x0000000100000000)
  region size 1024K, 3 young (3072K), 1 survivors (1024K)
 Metaspace       used 8863K, committed 8960K, reserved 1114112K
  class space    used 857K, committed 896K, reserved 1048576K
}
Event: 0.431 GC heap after
{Heap after GC invocations=4 (full 0):
 garbage-first heap   total 8192K, used 2221K [0x0000000091000000, 0x0000000100000000)
  region size 1024K, 1 young (1024K), 1 survivors (1024K)
 Metaspace       used 8863K, committed 8960K, reserved 1114112K
  class space    used 857K, committed 896K, reserved 1048576K
}
Event: 0.468 GC heap before
{Heap before GC invocations=4 (full 0):
 garbage-first heap   total 8192K, used 3245K [0x0000000091000000, 0x0000000100000000)
  region size 1024K, 2 young (2048K), 1 survivors (1024K)
 Metaspace       used 9106K, committed 9344K, reserved 1114112K
  class space    used 894K, committed 1024K, reserved 1048576K
}
Event: 0.471 GC heap after
{Heap after GC invocations=5 (full 0):
 garbage-first heap   total 8192K, used 2787K [0x0000000091000000, 0x0000000100000000)
  region size 1024K, 1 young (1024K), 1 survivors (1024K)
 Metaspace       used 9106K, committed 9344K, reserved 1114112K
  class space    used 894K, committed 1024K, reserved 1048576K
}
Event: 0.499 GC heap before
{Heap before GC invocations=5 (full 0):
 garbage-first heap   total 8192K, used 3811K [0x0000000091000000, 0x0000000100000000)
  region size 1024K, 2 young (2048K), 1 survivors (1024K)
 Metaspace       used 9236K, committed 9472K, reserved 1114112K
  class space    used 907K, committed 1024K, reserved 1048576K
}
Event: 0.502 GC heap after
{Heap after GC invocations=6 (full 0):
 garbage-first heap   total 12288K, used 3135K [0x0000000091000000, 0x0000000100000000)
  region size 1024K, 1 young (1024K), 1 survivors (1024K)
 Metaspace       used 9236K, committed 9472K, reserved 1114112K
  class space    used 907K, committed 1024K, reserved 1048576K
}
Event: 0.565 GC heap before
{Heap before GC invocations=6 (full 0):
 garbage-first heap   total 12288K, used 5183K [0x0000000091000000, 0x0000000100000000)
  region size 1024K, 3 young (3072K), 1 survivors (1024K)
 Metaspace       used 9503K, committed 9792K, reserved 1114112K
  class space    used 961K, committed 1088K, reserved 1048576K
}
Event: 0.567 GC heap after
{Heap after GC invocations=7 (full 0):
 garbage-first heap   total 12288K, used 3358K [0x0000000091000000, 0x0000000100000000)
  region size 1024K, 1 young (1024K), 1 survivors (1024K)
 Metaspace       used 9503K, committed 9792K, reserved 1114112K
  class space    used 961K, committed 1088K, reserved 1048576K
}
Event: 0.613 GC heap before
{Heap before GC invocations=7 (full 0):
 garbage-first heap   total 12288K, used 5406K [0x0000000091000000, 0x0000000100000000)
  region size 1024K, 3 young (3072K), 1 survivors (1024K)
 Metaspace       used 9873K, committed 10112K, reserved 1114112K
  class space    used 1000K, committed 1088K, reserved 1048576K
}
Event: 0.615 GC heap after
{Heap after GC invocations=8 (full 0):
 garbage-first heap   total 12288K, used 3402K [0x0000000091000000, 0x0000000100000000)
  region size 1024K, 1 young (1024K), 1 survivors (1024K)
 Metaspace       used 9873K, committed 10112K, reserved 1114112K
  class space    used 1000K, committed 1088K, reserved 1048576K
}
Event: 0.667 GC heap before
{Heap before GC invocations=8 (full 0):
 garbage-first heap   total 12288K, used 6474K [0x0000000091000000, 0x0000000100000000)
  region size 1024K, 4 young (4096K), 1 survivors (1024K)
 Metaspace       used 10001K, committed 10304K, reserved 1114112K
  class space    used 1007K, committed 1088K, reserved 1048576K
}
Event: 0.670 GC heap after
{Heap after GC invocations=9 (full 0):
 garbage-first heap   total 12288K, used 3998K [0x0000000091000000, 0x0000000100000000)
  region size 1024K, 1 young (1024K), 1 survivors (1024K)
 Metaspace       used 10001K, committed 10304K, reserved 1114112K
  class space    used 1007K, committed 1088K, reserved 1048576K
}
Event: 0.702 GC heap before
{Heap before GC invocations=9 (full 0):
 garbage-first heap   total 12288K, used 7070K [0x0000000091000000, 0x0000000100000000)
  region size 1024K, 4 young (4096K), 1 survivors (1024K)
 Metaspace       used 10082K, committed 10368K, reserved 1114112K
  class space    used 1009K, committed 1088K, reserved 1048576K
}
Event: 0.705 GC heap after
{Heap after GC invocations=10 (full 0):
 garbage-first heap   total 19456K, used 4343K [0x0000000091000000, 0x0000000100000000)
  region size 1024K, 1 young (1024K), 1 survivors (1024K)
 Metaspace       used 10082K, committed 10368K, reserved 1114112K
  class space    used 1009K, committed 1088K, reserved 1048576K
}

