# JRE version: OpenJDK Runtime Environment (17.0.7) (build 17.0.7+0-b2043.56-10550314)
# Java VM: OpenJDK 64-Bit Server VM (17.0.7+0-b2043.56-10550314, mixed mode, tiered, compressed oops, compressed class ptrs, g1 gc, windows-amd64)
GC Precious Log:
 CPUs: 8 total, 8 available
 Memory: 7103M
 Large Page Support: Disabled
 NUMA Support: Disabled
 Compressed Oops: Enabled (32-bit)
 Heap Region Size: 1M
 Heap Min Capacity: 8M
 Heap Initial Capacity: 112M
 Heap Max Capacity: 1776M
 Pre-touch: Disabled
 Parallel Workers: 8
 Concurrent Workers: 2
 Concurrent Refinement Workers: 8
 Periodic GC: Disabled
Heap:
 garbage-first heap   total 79872K, used 36440K [0x0000000091000000, 0x0000000100000000)
  region size 1024K, 3 young (3072K), 3 survivors (3072K)
 Metaspace       used 50731K, committed 50944K, reserved 1114112K
  class space    used 6092K, committed 6208K, reserved 1048576K
GC Heap History (20 events):
Event: 2.221 GC heap after
{Heap after GC invocations=4 (full 0):
 garbage-first heap   total 40960K, used 16389K [0x0000000091000000, 0x0000000100000000)
  region size 1024K, 2 young (2048K), 2 survivors (2048K)
 Metaspace       used 27352K, committed 27584K, reserved 1114112K
  class space    used 3003K, committed 3072K, reserved 1048576K
}
Event: 2.247 GC heap before
{Heap before GC invocations=4 (full 0):
 garbage-first heap   total 40960K, used 17413K [0x0000000091000000, 0x0000000100000000)
  region size 1024K, 3 young (3072K), 2 survivors (2048K)
 Metaspace       used 27757K, committed 27968K, reserved 1114112K
  class space    used 3043K, committed 3136K, reserved 1048576K
}
Event: 2.251 GC heap after
{Heap after GC invocations=5 (full 0):
 garbage-first heap   total 40960K, used 16817K [0x0000000091000000, 0x0000000100000000)
  region size 1024K, 1 young (1024K), 1 survivors (1024K)
 Metaspace       used 27757K, committed 27968K, reserved 1114112K
  class space    used 3043K, committed 3136K, reserved 1048576K
}
Event: 2.640 GC heap before
{Heap before GC invocations=5 (full 0):
 garbage-first heap   total 40960K, used 31153K [0x0000000091000000, 0x0000000100000000)
  region size 1024K, 15 young (15360K), 1 survivors (1024K)
 Metaspace       used 31521K, committed 31744K, reserved 1114112K
  class space    used 3808K, committed 3904K, reserved 1048576K
}
Event: 2.644 GC heap after
{Heap after GC invocations=6 (full 0):
 garbage-first heap   total 40960K, used 18089K [0x0000000091000000, 0x0000000100000000)
  region size 1024K, 2 young (2048K), 2 survivors (2048K)
 Metaspace       used 31521K, committed 31744K, reserved 1114112K
  class space    used 3808K, committed 3904K, reserved 1048576K
}
Event: 2.831 GC heap before
{Heap before GC invocations=6 (full 0):
 garbage-first heap   total 40960K, used 32425K [0x0000000091000000, 0x0000000100000000)
  region size 1024K, 15 young (15360K), 2 survivors (2048K)
 Metaspace       used 31590K, committed 31808K, reserved 1114112K
  class space    used 3812K, committed 3904K, reserved 1048576K
}
Event: 2.844 GC heap after
{Heap after GC invocations=7 (full 0):
 garbage-first heap   total 40960K, used 24372K [0x0000000091000000, 0x0000000100000000)
  region size 1024K, 2 young (2048K), 2 survivors (2048K)
 Metaspace       used 31590K, committed 31808K, reserved 1114112K
  class space    used 3812K, committed 3904K, reserved 1048576K
}
Event: 3.142 GC heap before
{Heap before GC invocations=7 (full 0):
 garbage-first heap   total 40960K, used 30516K [0x0000000091000000, 0x0000000100000000)
  region size 1024K, 9 young (9216K), 2 survivors (2048K)
 Metaspace       used 33848K, committed 34048K, reserved 1114112K
  class space    used 4291K, committed 4352K, reserved 1048576K
}
Event: 3.149 GC heap after
{Heap after GC invocations=8 (full 0):
 garbage-first heap   total 65536K, used 25224K [0x0000000091000000, 0x0000000100000000)
  region size 1024K, 1 young (1024K), 1 survivors (1024K)
 Metaspace       used 33848K, committed 34048K, reserved 1114112K
  class space    used 4291K, committed 4352K, reserved 1048576K
}
Event: 3.920 GC heap before
{Heap before GC invocations=9 (full 0):
 garbage-first heap   total 65536K, used 47752K [0x0000000091000000, 0x0000000100000000)
  region size 1024K, 23 young (23552K), 1 survivors (1024K)
 Metaspace       used 38037K, committed 38208K, reserved 1114112K
  class space    used 4749K, committed 4800K, reserved 1048576K
}
Event: 3.929 GC heap after
{Heap after GC invocations=10 (full 0):
 garbage-first heap   total 65536K, used 25998K [0x0000000091000000, 0x0000000100000000)
  region size 1024K, 3 young (3072K), 3 survivors (3072K)
 Metaspace       used 38037K, committed 38208K, reserved 1114112K
  class space    used 4749K, committed 4800K, reserved 1048576K
}
Event: 3.968 GC heap before
{Heap before GC invocations=10 (full 0):
 garbage-first heap   total 65536K, used 27022K [0x0000000091000000, 0x0000000100000000)
  region size 1024K, 4 young (4096K), 3 survivors (3072K)
 Metaspace       used 38323K, committed 38528K, reserved 1114112K
  class space    used 4792K, committed 4864K, reserved 1048576K
}
Event: 3.976 GC heap after
{Heap after GC invocations=11 (full 0):
 garbage-first heap   total 65536K, used 26322K [0x0000000091000000, 0x0000000100000000)
  region size 1024K, 1 young (1024K), 1 survivors (1024K)
 Metaspace       used 38323K, committed 38528K, reserved 1114112K
  class space    used 4792K, committed 4864K, reserved 1048576K
}
Event: 4.662 GC heap before
{Heap before GC invocations=11 (full 0):
 garbage-first heap   total 65536K, used 46802K [0x0000000091000000, 0x0000000100000000)
  region size 1024K, 22 young (22528K), 1 survivors (1024K)
 Metaspace       used 42562K, committed 42816K, reserved 1114112K
  class space    used 5163K, committed 5312K, reserved 1048576K
}
Event: 4.668 GC heap after
{Heap after GC invocations=12 (full 0):
 garbage-first heap   total 65536K, used 29225K [0x0000000091000000, 0x0000000100000000)
  region size 1024K, 3 young (3072K), 3 survivors (3072K)
 Metaspace       used 42562K, committed 42816K, reserved 1114112K
  class space    used 5163K, committed 5312K, reserved 1048576K
}
Event: 5.422 GC heap before
{Heap before GC invocations=12 (full 0):
 garbage-first heap   total 65536K, used 48681K [0x0000000091000000, 0x0000000100000000)
  region size 1024K, 22 young (22528K), 3 survivors (3072K)
 Metaspace       used 47563K, committed 47808K, reserved 1114112K
  class space    used 5693K, committed 5824K, reserved 1048576K
}
Event: 5.431 GC heap after
{Heap after GC invocations=13 (full 0):
 garbage-first heap   total 65536K, used 30881K [0x0000000091000000, 0x0000000100000000)
  region size 1024K, 2 young (2048K), 2 survivors (2048K)
 Metaspace       used 47563K, committed 47808K, reserved 1114112K
  class space    used 5693K, committed 5824K, reserved 1048576K
}
Event: 5.478 GC heap before
{Heap before GC invocations=13 (full 0):
 garbage-first heap   total 65536K, used 32929K [0x0000000091000000, 0x0000000100000000)
  region size 1024K, 5 young (5120K), 2 survivors (2048K)
 Metaspace       used 47872K, committed 48192K, reserved 1114112K
  class space    used 5725K, committed 5888K, reserved 1048576K
}
Event: 5.484 GC heap after
{Heap after GC invocations=14 (full 0):
 garbage-first heap   total 65536K, used 31332K [0x0000000091000000, 0x0000000100000000)
  region size 1024K, 1 young (1024K), 1 survivors (1024K)
 Metaspace       used 47872K, committed 48192K, reserved 1114112K
  class space    used 5725K, committed 5888K, reserved 1048576K
}
Event: 6.102 GC heap before
{Heap before GC invocations=15 (full 0):
 garbage-first heap   total 65536K, used 51812K [0x0000000091000000, 0x0000000100000000)
  region size 1024K, 19 young (19456K), 1 survivors (1024K)
 Metaspace       used 50731K, committed 50944K, reserved 1114112K
  class space    used 6092K, committed 6208K, reserved 1048576K
}

